2018-11-01 17:49:19.457  INFO 7747 --- [main] com.didispace.Application                : No active profile set, falling back to default profiles: default
2018-11-01 17:49:19.468  INFO 7747 --- [main] ationConfigEmbeddedWebApplicationContext : Refreshing org.springframework.boot.context.embedded.AnnotationConfigEmbeddedWebApplicationContext@8e50104: startup date [Thu Nov 01 17:49:19 CST 2018]; parent: org.springframework.context.annotation.AnnotationConfigApplicationContext@50a638b5
2018-11-01 17:49:20.123  WARN 7747 --- [main] o.s.c.a.ConfigurationClassPostProcessor  : Cannot enhance @Configuration bean definition 'refreshScope' since its singleton instance has been created too early. The typical cause is a non-static @Bean method with a BeanDefinitionRegistryPostProcessor return type: Consider declaring such methods as 'static'.
2018-11-01 17:49:20.253  INFO 7747 --- [main] o.s.cloud.context.scope.GenericScope     : BeanFactory id=034f02be-bbb6-374d-b5fd-4650dd85dc6f
2018-11-01 17:49:20.263  INFO 7747 --- [main] f.a.AutowiredAnnotationBeanPostProcessor : JSR-330 'javax.inject.Inject' annotation found and supported for autowiring
2018-11-01 17:49:20.276  INFO 7747 --- [main] trationDelegate$BeanPostProcessorChecker : Bean 'org.springframework.cloud.autoconfigure.ConfigurationPropertiesRebinderAutoConfiguration' of type [class org.springframework.cloud.autoconfigure.ConfigurationPropertiesRebinderAutoConfiguration$$EnhancerBySpringCGLIB$$335f48fa] is not eligible for getting processed by all BeanPostProcessors (for example: not eligible for auto-proxying)
2018-11-01 17:49:20.281  INFO 7747 --- [main] trationDelegate$BeanPostProcessorChecker : Bean 'org.springframework.cloud.autoconfigure.RefreshEndpointAutoConfiguration' of type [class org.springframework.cloud.autoconfigure.RefreshEndpointAutoConfiguration$$EnhancerBySpringCGLIB$$dcbe4af0] is not eligible for getting processed by all BeanPostProcessors (for example: not eligible for auto-proxying)
2018-11-01 17:49:20.456  INFO 7747 --- [main] s.b.c.e.t.TomcatEmbeddedServletContainer : Tomcat initialized with port(s): 1111 (http)
2018-11-01 17:49:20.463  INFO 7747 --- [main] o.apache.catalina.core.StandardService   : Starting service Tomcat
2018-11-01 17:49:20.464  INFO 7747 --- [main] org.apache.catalina.core.StandardEngine  : Starting Servlet Engine: Apache Tomcat/8.0.36
2018-11-01 17:49:20.548  INFO 7747 --- [localhost-startStop-1] o.a.c.c.C.[Tomcat].[localhost].[/]       : Initializing Spring embedded WebApplicationContext
2018-11-01 17:49:20.549  INFO 7747 --- [localhost-startStop-1] o.s.web.context.ContextLoader            : Root WebApplicationContext: initialization completed in 1081 ms
2018-11-01 17:49:21.061  INFO 7747 --- [localhost-startStop-1] o.s.b.c.embedded.FilterRegistrationBean  : Mapping filter: 'metricFilter' to: [/*]
2018-11-01 17:49:21.062  INFO 7747 --- [localhost-startStop-1] o.s.b.c.embedded.FilterRegistrationBean  : Mapping filter: 'characterEncodingFilter' to: [/*]
2018-11-01 17:49:21.062  INFO 7747 --- [localhost-startStop-1] o.s.b.c.embedded.FilterRegistrationBean  : Mapping filter: 'hiddenHttpMethodFilter' to: [/*]
2018-11-01 17:49:21.062  INFO 7747 --- [localhost-startStop-1] o.s.b.c.embedded.FilterRegistrationBean  : Mapping filter: 'httpPutFormContentFilter' to: [/*]
2018-11-01 17:49:21.062  INFO 7747 --- [localhost-startStop-1] o.s.b.c.embedded.FilterRegistrationBean  : Mapping filter: 'requestContextFilter' to: [/*]
2018-11-01 17:49:21.062  INFO 7747 --- [localhost-startStop-1] o.s.b.c.embedded.FilterRegistrationBean  : Mapping filter: 'webRequestTraceFilter' to: [/*]
2018-11-01 17:49:21.062  INFO 7747 --- [localhost-startStop-1] o.s.b.c.embedded.FilterRegistrationBean  : Mapping filter: 'servletContainer' to urls: [/eureka/*]
2018-11-01 17:49:21.062  INFO 7747 --- [localhost-startStop-1] o.s.b.c.embedded.FilterRegistrationBean  : Mapping filter: 'applicationContextIdFilter' to: [/*]
2018-11-01 17:49:21.063  INFO 7747 --- [localhost-startStop-1] o.s.b.c.e.ServletRegistrationBean        : Mapping servlet: 'dispatcherServlet' to [/]
2018-11-01 17:49:21.147  INFO 7747 --- [localhost-startStop-1] c.s.j.s.i.a.WebApplicationImpl           : Initiating Jersey application, version 'Jersey: 1.19.1 03/11/2016 02:08 PM'
2018-11-01 17:49:21.202  INFO 7747 --- [localhost-startStop-1] c.n.d.provider.DiscoveryJerseyProvider   : Using JSON encoding codec LegacyJacksonJson
2018-11-01 17:49:21.203  INFO 7747 --- [localhost-startStop-1] c.n.d.provider.DiscoveryJerseyProvider   : Using JSON decoding codec LegacyJacksonJson
2018-11-01 17:49:21.260  INFO 7747 --- [localhost-startStop-1] c.n.d.provider.DiscoveryJerseyProvider   : Using XML encoding codec XStreamXml
2018-11-01 17:49:21.260  INFO 7747 --- [localhost-startStop-1] c.n.d.provider.DiscoveryJerseyProvider   : Using XML decoding codec XStreamXml
2018-11-01 17:49:21.599  INFO 7747 --- [main] o.s.c.n.eureka.InstanceInfoFactory       : Setting initial instance status as: STARTING
2018-11-01 17:49:21.648  INFO 7747 --- [main] com.netflix.discovery.DiscoveryClient    : Client configured to neither register nor query for data.
2018-11-01 17:49:21.675  INFO 7747 --- [main] com.netflix.discovery.DiscoveryClient    : Discovery Client initialized at timestamp 1541065761675 with initial instances count: 0
2018-11-01 17:49:21.740  INFO 7747 --- [main] c.n.eureka.DefaultEurekaServerContext    : Initializing ...
2018-11-01 17:49:21.741  WARN 7747 --- [main] c.n.eureka.cluster.PeerEurekaNodes       : The replica size seems to be empty. Check the route 53 DNS Registry
2018-11-01 17:49:21.750  INFO 7747 --- [main] c.n.e.registry.AbstractInstanceRegistry  : Finished initializing remote region registries. All known remote regions: []
2018-11-01 17:49:21.750  INFO 7747 --- [main] c.n.eureka.DefaultEurekaServerContext    : Initialized
2018-11-01 17:49:21.879  INFO 7747 --- [main] s.w.s.m.m.a.RequestMappingHandlerAdapter : Looking for @ControllerAdvice: org.springframework.boot.context.embedded.AnnotationConfigEmbeddedWebApplicationContext@8e50104: startup date [Thu Nov 01 17:49:19 CST 2018]; parent: org.springframework.context.annotation.AnnotationConfigApplicationContext@50a638b5
2018-11-01 17:49:21.934  INFO 7747 --- [main] s.w.s.m.m.a.RequestMappingHandlerMapping : Mapped "{[/],methods=[GET]}" onto public java.lang.String org.springframework.cloud.netflix.eureka.server.EurekaController.status(javax.servlet.http.HttpServletRequest,java.util.Map<java.lang.String, java.lang.Object>)
2018-11-01 17:49:21.934  INFO 7747 --- [main] s.w.s.m.m.a.RequestMappingHandlerMapping : Mapped "{[/lastn],methods=[GET]}" onto public java.lang.String org.springframework.cloud.netflix.eureka.server.EurekaController.lastn(javax.servlet.http.HttpServletRequest,java.util.Map<java.lang.String, java.lang.Object>)
2018-11-01 17:49:21.936  INFO 7747 --- [main] s.w.s.m.m.a.RequestMappingHandlerMapping : Mapped "{[/error]}" onto public org.springframework.http.ResponseEntity<java.util.Map<java.lang.String, java.lang.Object>> org.springframework.boot.autoconfigure.web.BasicErrorController.error(javax.servlet.http.HttpServletRequest)
2018-11-01 17:49:21.936  INFO 7747 --- [main] s.w.s.m.m.a.RequestMappingHandlerMapping : Mapped "{[/error],produces=[text/html]}" onto public org.springframework.web.servlet.ModelAndView org.springframework.boot.autoconfigure.web.BasicErrorController.errorHtml(javax.servlet.http.HttpServletRequest,javax.servlet.http.HttpServletResponse)
2018-11-01 17:49:21.960  INFO 7747 --- [main] o.s.w.s.handler.SimpleUrlHandlerMapping  : Mapped URL path [/webjars/**] onto handler of type [class org.springframework.web.servlet.resource.ResourceHttpRequestHandler]
2018-11-01 17:49:21.961  INFO 7747 --- [main] o.s.w.s.handler.SimpleUrlHandlerMapping  : Mapped URL path [/**] onto handler of type [class org.springframework.web.servlet.resource.ResourceHttpRequestHandler]
2018-11-01 17:49:21.991  INFO 7747 --- [main] o.s.w.s.handler.SimpleUrlHandlerMapping  : Mapped URL path [/**/favicon.ico] onto handler of type [class org.springframework.web.servlet.resource.ResourceHttpRequestHandler]
2018-11-01 17:49:22.490  INFO 7747 --- [main] o.s.b.a.e.mvc.EndpointHandlerMapping     : Mapped "{[/pause || /pause.json],methods=[POST]}" onto public java.lang.Object org.springframework.cloud.endpoint.GenericPostableMvcEndpoint.invoke()
2018-11-01 17:49:22.491  INFO 7747 --- [main] o.s.b.a.e.mvc.EndpointHandlerMapping     : Mapped "{[/env],methods=[POST]}" onto public java.lang.Object org.springframework.cloud.context.environment.EnvironmentManagerMvcEndpoint.value(java.util.Map<java.lang.String, java.lang.String>)
2018-11-01 17:49:22.491  INFO 7747 --- [main] o.s.b.a.e.mvc.EndpointHandlerMapping     : Mapped "{[/env/reset],methods=[POST]}" onto public java.util.Map<java.lang.String, java.lang.Object> org.springframework.cloud.context.environment.EnvironmentManagerMvcEndpoint.reset()
2018-11-01 17:49:22.492  INFO 7747 --- [main] o.s.b.a.e.mvc.EndpointHandlerMapping     : Mapped "{[/archaius || /archaius.json],methods=[GET],produces=[application/json]}" onto public java.lang.Object org.springframework.boot.actuate.endpoint.mvc.EndpointMvcAdapter.invoke()
2018-11-01 17:49:22.494  INFO 7747 --- [main] o.s.b.a.e.mvc.EndpointHandlerMapping     : Mapped "{[/metrics/{name:.*}],methods=[GET],produces=[application/json]}" onto public java.lang.Object org.springframework.boot.actuate.endpoint.mvc.MetricsMvcEndpoint.value(java.lang.String)
2018-11-01 17:49:22.494  INFO 7747 --- [main] o.s.b.a.e.mvc.EndpointHandlerMapping     : Mapped "{[/metrics || /metrics.json],methods=[GET],produces=[application/json]}" onto public java.lang.Object org.springframework.boot.actuate.endpoint.mvc.EndpointMvcAdapter.invoke()
2018-11-01 17:49:22.494  INFO 7747 --- [main] o.s.b.a.e.mvc.EndpointHandlerMapping     : Mapped "{[/logfile || /logfile.json],methods=[GET || HEAD]}" onto public void org.springframework.boot.actuate.endpoint.mvc.LogFileMvcEndpoint.invoke(javax.servlet.http.HttpServletRequest,javax.servlet.http.HttpServletResponse) throws javax.servlet.ServletException,java.io.IOException
2018-11-01 17:49:22.495  INFO 7747 --- [main] o.s.b.a.e.mvc.EndpointHandlerMapping     : Mapped "{[/dump || /dump.json],methods=[GET],produces=[application/json]}" onto public java.lang.Object org.springframework.boot.actuate.endpoint.mvc.EndpointMvcAdapter.invoke()
2018-11-01 17:49:22.495  INFO 7747 --- [main] o.s.b.a.e.mvc.EndpointHandlerMapping     : Mapped "{[/health || /health.json],produces=[application/json]}" onto public java.lang.Object org.springframework.boot.actuate.endpoint.mvc.HealthMvcEndpoint.invoke(java.security.Principal)
2018-11-01 17:49:22.496  INFO 7747 --- [main] o.s.b.a.e.mvc.EndpointHandlerMapping     : Mapped "{[/restart || /restart.json],methods=[POST]}" onto public java.lang.Object org.springframework.cloud.context.restart.RestartMvcEndpoint.invoke()
2018-11-01 17:49:22.496  INFO 7747 --- [main] o.s.b.a.e.mvc.EndpointHandlerMapping     : Mapped "{[/trace || /trace.json],methods=[GET],produces=[application/json]}" onto public java.lang.Object org.springframework.boot.actuate.endpoint.mvc.EndpointMvcAdapter.invoke()
2018-11-01 17:49:22.497  INFO 7747 --- [main] o.s.b.a.e.mvc.EndpointHandlerMapping     : Mapped "{[/env/{name:.*}],methods=[GET],produces=[application/json]}" onto public java.lang.Object org.springframework.boot.actuate.endpoint.mvc.EnvironmentMvcEndpoint.value(java.lang.String)
2018-11-01 17:49:22.497  INFO 7747 --- [main] o.s.b.a.e.mvc.EndpointHandlerMapping     : Mapped "{[/env || /env.json],methods=[GET],produces=[application/json]}" onto public java.lang.Object org.springframework.boot.actuate.endpoint.mvc.EndpointMvcAdapter.invoke()
2018-11-01 17:49:22.497  INFO 7747 --- [main] o.s.b.a.e.mvc.EndpointHandlerMapping     : Mapped "{[/features || /features.json],methods=[GET],produces=[application/json]}" onto public java.lang.Object org.springframework.boot.actuate.endpoint.mvc.EndpointMvcAdapter.invoke()
2018-11-01 17:49:22.498  INFO 7747 --- [main] o.s.b.a.e.mvc.EndpointHandlerMapping     : Mapped "{[/refresh || /refresh.json],methods=[POST]}" onto public java.lang.Object org.springframework.cloud.endpoint.GenericPostableMvcEndpoint.invoke()
2018-11-01 17:49:22.498  INFO 7747 --- [main] o.s.b.a.e.mvc.EndpointHandlerMapping     : Mapped "{[/info || /info.json],methods=[GET],produces=[application/json]}" onto public java.lang.Object org.springframework.boot.actuate.endpoint.mvc.EndpointMvcAdapter.invoke()
2018-11-01 17:49:22.499  INFO 7747 --- [main] o.s.b.a.e.mvc.EndpointHandlerMapping     : Mapped "{[/resume || /resume.json],methods=[POST]}" onto public java.lang.Object org.springframework.cloud.endpoint.GenericPostableMvcEndpoint.invoke()
2018-11-01 17:49:22.499  INFO 7747 --- [main] o.s.b.a.e.mvc.EndpointHandlerMapping     : Mapped "{[/mappings || /mappings.json],methods=[GET],produces=[application/json]}" onto public java.lang.Object org.springframework.boot.actuate.endpoint.mvc.EndpointMvcAdapter.invoke()
2018-11-01 17:49:22.500  INFO 7747 --- [main] o.s.b.a.e.mvc.EndpointHandlerMapping     : Mapped "{[/autoconfig || /autoconfig.json],methods=[GET],produces=[application/json]}" onto public java.lang.Object org.springframework.boot.actuate.endpoint.mvc.EndpointMvcAdapter.invoke()
2018-11-01 17:49:22.500  INFO 7747 --- [main] o.s.b.a.e.mvc.EndpointHandlerMapping     : Mapped "{[/beans || /beans.json],methods=[GET],produces=[application/json]}" onto public java.lang.Object org.springframework.boot.actuate.endpoint.mvc.EndpointMvcAdapter.invoke()
2018-11-01 17:49:22.500  INFO 7747 --- [main] o.s.b.a.e.mvc.EndpointHandlerMapping     : Mapped "{[/configprops || /configprops.json],methods=[GET],produces=[application/json]}" onto public java.lang.Object org.springframework.boot.actuate.endpoint.mvc.EndpointMvcAdapter.invoke()
2018-11-01 17:49:22.563  INFO 7747 --- [main] o.s.ui.freemarker.SpringTemplateLoader   : SpringTemplateLoader for FreeMarker: using resource loader [org.springframework.boot.context.embedded.AnnotationConfigEmbeddedWebApplicationContext@8e50104: startup date [Thu Nov 01 17:49:19 CST 2018]; parent: org.springframework.context.annotation.AnnotationConfigApplicationContext@50a638b5] and template loader path [classpath:/templates/]
2018-11-01 17:49:22.564  INFO 7747 --- [main] o.s.w.s.v.f.FreeMarkerConfigurer         : ClassTemplateLoader for Spring macros added to FreeMarker configuration
2018-11-01 17:49:22.618  WARN 7747 --- [main] c.n.c.sources.URLConfigurationSource     : No URLs will be polled as dynamic configuration sources.
2018-11-01 17:49:22.619  INFO 7747 --- [main] c.n.c.sources.URLConfigurationSource     : To enable URLs as dynamic configuration sources, define System property archaius.configurationSource.additionalUrls or make config.properties available on classpath.
2018-11-01 17:49:22.634  WARN 7747 --- [main] c.n.c.sources.URLConfigurationSource     : No URLs will be polled as dynamic configuration sources.
2018-11-01 17:49:22.634  INFO 7747 --- [main] c.n.c.sources.URLConfigurationSource     : To enable URLs as dynamic configuration sources, define System property archaius.configurationSource.additionalUrls or make config.properties available on classpath.
2018-11-01 17:49:22.705  INFO 7747 --- [main] o.s.j.e.a.AnnotationMBeanExporter        : Registering beans for JMX exposure on startup
2018-11-01 17:49:22.713  INFO 7747 --- [main] o.s.j.e.a.AnnotationMBeanExporter        : Bean with name 'refreshScope' has been autodetected for JMX exposure
2018-11-01 17:49:22.714  INFO 7747 --- [main] o.s.j.e.a.AnnotationMBeanExporter        : Bean with name 'environmentManager' has been autodetected for JMX exposure
2018-11-01 17:49:22.716  INFO 7747 --- [main] o.s.j.e.a.AnnotationMBeanExporter        : Bean with name 'configurationPropertiesRebinder' has been autodetected for JMX exposure
2018-11-01 17:49:22.716  INFO 7747 --- [main] o.s.j.e.a.AnnotationMBeanExporter        : Bean with name 'refreshEndpoint' has been autodetected for JMX exposure
2018-11-01 17:49:22.717  INFO 7747 --- [main] o.s.j.e.a.AnnotationMBeanExporter        : Bean with name 'restartEndpoint' has been autodetected for JMX exposure
2018-11-01 17:49:22.719  INFO 7747 --- [main] o.s.j.e.a.AnnotationMBeanExporter        : Located managed bean 'environmentManager': registering with JMX server as MBean [org.springframework.cloud.context.environment:name=environmentManager,type=EnvironmentManager]
2018-11-01 17:49:22.730  INFO 7747 --- [main] o.s.j.e.a.AnnotationMBeanExporter        : Located managed bean 'restartEndpoint': registering with JMX server as MBean [org.springframework.cloud.context.restart:name=restartEndpoint,type=RestartEndpoint]
2018-11-01 17:49:22.739  INFO 7747 --- [main] o.s.j.e.a.AnnotationMBeanExporter        : Located managed bean 'refreshScope': registering with JMX server as MBean [org.springframework.cloud.context.scope.refresh:name=refreshScope,type=RefreshScope]
2018-11-01 17:49:22.744  INFO 7747 --- [main] o.s.j.e.a.AnnotationMBeanExporter        : Located managed bean 'configurationPropertiesRebinder': registering with JMX server as MBean [org.springframework.cloud.context.properties:name=configurationPropertiesRebinder,context=8e50104,type=ConfigurationPropertiesRebinder]
2018-11-01 17:49:22.750  INFO 7747 --- [main] o.s.j.e.a.AnnotationMBeanExporter        : Located managed bean 'refreshEndpoint': registering with JMX server as MBean [org.springframework.cloud.endpoint:name=refreshEndpoint,type=RefreshEndpoint]
2018-11-01 17:49:22.961  INFO 7747 --- [main] o.s.c.support.DefaultLifecycleProcessor  : Starting beans in phase 0
2018-11-01 17:49:22.962  INFO 7747 --- [Thread-20] o.s.c.n.e.server.EurekaServerBootstrap   : Setting the eureka configuration..
2018-11-01 17:49:22.962  INFO 7747 --- [main] c.n.e.EurekaDiscoveryClientConfiguration : Registering application eureka-server with eureka with status UP
2018-11-01 17:49:22.962  INFO 7747 --- [Thread-20] o.s.c.n.e.server.EurekaServerBootstrap   : Eureka data center value eureka.datacenter is not set, defaulting to default
2018-11-01 17:49:22.962  INFO 7747 --- [Thread-20] o.s.c.n.e.server.EurekaServerBootstrap   : Eureka environment value eureka.environment is not set, defaulting to test
2018-11-01 17:49:22.969  INFO 7747 --- [Thread-20] o.s.c.n.e.server.EurekaServerBootstrap   : isAws returned false
2018-11-01 17:49:22.970  INFO 7747 --- [Thread-20] o.s.c.n.e.server.EurekaServerBootstrap   : Initialized server context
2018-11-01 17:49:22.970  INFO 7747 --- [Thread-20] c.n.e.r.PeerAwareInstanceRegistryImpl    : Got 1 instances from neighboring DS node
2018-11-01 17:49:22.970  INFO 7747 --- [Thread-20] c.n.e.r.PeerAwareInstanceRegistryImpl    : Renew threshold is: 1
2018-11-01 17:49:22.970  INFO 7747 --- [Thread-20] c.n.e.r.PeerAwareInstanceRegistryImpl    : Changing status to UP
2018-11-01 17:49:22.977  INFO 7747 --- [Thread-20] e.s.EurekaServerInitializerConfiguration : Started Eureka Server
2018-11-01 17:49:23.053  INFO 7747 --- [main] s.b.c.e.t.TomcatEmbeddedServletContainer : Tomcat started on port(s): 1111 (http)
2018-11-01 17:49:23.054  INFO 7747 --- [main] c.n.e.EurekaDiscoveryClientConfiguration : Updating port to 1111
2018-11-01 17:49:23.058  INFO 7747 --- [main] com.didispace.Application                : Started Application in 4.785 seconds (JVM running for 6.031)
2018-11-01 17:49:36.605  INFO 7747 --- [http-nio-1111-exec-1] o.a.c.c.C.[Tomcat].[localhost].[/]       : Initializing Spring FrameworkServlet 'dispatcherServlet'
2018-11-01 17:49:36.606  INFO 7747 --- [http-nio-1111-exec-1] o.s.web.servlet.DispatcherServlet        : FrameworkServlet 'dispatcherServlet': initialization started
2018-11-01 17:49:36.617  INFO 7747 --- [http-nio-1111-exec-1] o.s.web.servlet.DispatcherServlet        : FrameworkServlet 'dispatcherServlet': initialization completed in 11 ms
2018-11-01 17:50:22.972  INFO 7747 --- [Eureka-EvictionTimer] c.n.e.registry.AbstractInstanceRegistry  : Running the evict task with compensationTime 0ms
2018-11-01 17:51:16.124  INFO 7747 --- [Thread-22] ationConfigEmbeddedWebApplicationContext : Closing org.springframework.boot.context.embedded.AnnotationConfigEmbeddedWebApplicationContext@8e50104: startup date [Thu Nov 01 17:49:19 CST 2018]; parent: org.springframework.context.annotation.AnnotationConfigApplicationContext@50a638b5
2018-11-01 17:51:16.125  INFO 7747 --- [Thread-22] c.n.e.EurekaDiscoveryClientConfiguration : Unregistering application eureka-server with eureka with status DOWN
2018-11-01 17:51:16.126  INFO 7747 --- [Thread-22] com.netflix.discovery.DiscoveryClient    : Shutting down DiscoveryClient ...
2018-11-01 17:51:16.126  INFO 7747 --- [Thread-22] com.netflix.discovery.DiscoveryClient    : Completed shut down of DiscoveryClient
2018-11-01 17:51:16.127  INFO 7747 --- [Thread-22] o.s.c.support.DefaultLifecycleProcessor  : Stopping beans in phase 0
2018-11-01 17:51:16.132  INFO 7747 --- [Thread-22] o.s.j.e.a.AnnotationMBeanExporter        : Unregistering JMX-exposed beans on shutdown
2018-11-01 17:51:16.132  INFO 7747 --- [Thread-22] o.s.j.e.a.AnnotationMBeanExporter        : Unregistering JMX-exposed beans
2018-11-01 17:51:16.134  INFO 7747 --- [Thread-22] c.n.eureka.DefaultEurekaServerContext    : Shutting down ...
2018-11-01 17:51:16.134  INFO 7747 --- [Thread-22] c.n.eureka.DefaultEurekaServerContext    : Shut down
